<?xml version="1.0" encoding="UTF-8"?>
<testng-results ignored="0" total="1" passed="1" failed="0" skipped="0">
  <reporter-output>
  </reporter-output>
  <suite started-at="2025-03-29T15:25:12 IST" name="Default suite" finished-at="2025-03-29T15:25:22 IST" duration-ms="9663">
    <groups>
    </groups>
    <test started-at="2025-03-29T15:25:12 IST" name="Default test" finished-at="2025-03-29T15:25:22 IST" duration-ms="9663">
      <class name="Testpac.class1">
        <test-method is-config="true" signature="OpenBrowser()[pri:0, instance:Testpac.class1@815b41f]" started-at="2025-03-29T15:25:12 IST" name="OpenBrowser" finished-at="2025-03-29T15:25:18 IST" duration-ms="5365" status="PASS">
          <reporter-output>
          </reporter-output>
        </test-method> <!-- OpenBrowser -->
        <test-method signature="VerifyLoginPage()[pri:0, instance:Testpac.class1@815b41f]" started-at="2025-03-29T15:25:18 IST" name="VerifyLoginPage" finished-at="2025-03-29T15:25:21 IST" duration-ms="2752" status="PASS">
          <reporter-output>
          </reporter-output>
        </test-method> <!-- VerifyLoginPage -->
        <test-method is-config="true" signature="CloseBrowser()[pri:0, instance:Testpac.class1@815b41f]" started-at="2025-03-29T15:25:21 IST" name="CloseBrowser" finished-at="2025-03-29T15:25:22 IST" duration-ms="1484" status="PASS">
          <reporter-output>
          </reporter-output>
        </test-method> <!-- CloseBrowser -->
      </class> <!-- Testpac.class1 -->
    </test> <!-- Default test -->
  </suite> <!-- Default suite -->
</testng-results>
